This is pdfTeX, Version 3.14159265-2.6-1.40.16 (MiKTeX 2.9) (preloaded format=pdflatex 2015.9.3)  7 SEP 2015 05:11
entering extended mode
**vzorec_diplomskega_dela_050215.tex
(vzorec_diplomskega_dela_050215.tex
LaTeX2e <2015/01/01> patch level 2
Babel <3.9m> and hyphenation patterns for 69 languages loaded.
("C:\Program Files (x86)\MiKTeX 2.9\tex\latex\base\book.cls"
Document Class: book 2014/09/29 v1.4h Standard LaTeX document class
("C:\Program Files (x86)\MiKTeX 2.9\tex\latex\base\bk12.clo"
File: bk12.clo 2014/09/29 v1.4h Standard LaTeX file (size option)
)
\c@part=\count79
\c@chapter=\count80
\c@section=\count81
\c@subsection=\count82
\c@subsubsection=\count83
\c@paragraph=\count84
\c@subparagraph=\count85
\c@figure=\count86
\c@table=\count87
\abovecaptionskip=\skip41
\belowcaptionskip=\skip42
\bibindent=\dimen102
)
("C:\Program Files (x86)\MiKTeX 2.9\tex\latex\base\inputenc.sty"
Package: inputenc 2015/03/17 v1.2c Input encoding file
\inpenc@prehook=\toks14
\inpenc@posthook=\toks15

("C:\Program Files (x86)\MiKTeX 2.9\tex\latex\ucs\utf8x.def"
File: utf8x.def 2004/10/17 UCS: Input encoding UTF-8
))
("C:\Program Files (x86)\MiKTeX 2.9\tex\latex\ucs\ucs.sty"
Package: ucs 2013/05/11 v2.2 UCS: Unicode input support

("C:\Program Files (x86)\MiKTeX 2.9\tex\latex\ucs\uni-global.def"
File: uni-global.def 2013/05/13 UCS: Unicode global data
)
\uc@secondtry=\count88
\uc@combtoks=\toks16
\uc@combtoksb=\toks17
\uc@temptokena=\toks18
)
("C:\Program Files (x86)\MiKTeX 2.9\tex\generic\babel\babel.sty"
Package: babel 2015/08/03 3.9m The Babel package

*************************************
* Local config file bblopts.cfg used
*
("C:\Program Files (x86)\MiKTeX 2.9\tex\latex\00miktex\bblopts.cfg"
File: bblopts.cfg 2006/07/31 v1.0 MiKTeX 'babel' configuration
)
("C:\Program Files (x86)\MiKTeX 2.9\tex\latex\babel-slovenian\slovene.ldf"
Language: slovene 2005/03/31 v1.2m Slovene support from the babel system

("C:\Program Files (x86)\MiKTeX 2.9\tex\generic\babel\babel.def"
File: babel.def 2015/08/03 3.9m Babel common definitions
\babel@savecnt=\count89
\U@D=\dimen103
)
Package babel Info: Making " an active character on input line 79.
)
("C:\Program Files (x86)\MiKTeX 2.9\tex\latex\babel-english\english.ldf"
Language: english 2012/08/20 v3.3p English support from the babel system
\l@canadian = a dialect from \language\l@american 
\l@australian = a dialect from \language\l@british 
\l@newzealand = a dialect from \language\l@british 
))
("C:\Program Files (x86)\MiKTeX 2.9\tex\latex\graphics\graphicx.sty"
Package: graphicx 2014/10/28 v1.0g Enhanced LaTeX Graphics (DPC,SPQR)

("C:\Program Files (x86)\MiKTeX 2.9\tex\latex\graphics\keyval.sty"
Package: keyval 2014/10/28 v1.15 key=value parser (DPC)
\KV@toks@=\toks19
)
("C:\Program Files (x86)\MiKTeX 2.9\tex\latex\graphics\graphics.sty"
Package: graphics 2014/10/28 v1.0p Standard LaTeX Graphics (DPC,SPQR)

("C:\Program Files (x86)\MiKTeX 2.9\tex\latex\graphics\trig.sty"
Package: trig 1999/03/16 v1.09 sin cos tan (DPC)
)
("C:\Program Files (x86)\MiKTeX 2.9\tex\latex\00miktex\graphics.cfg"
File: graphics.cfg 2007/01/18 v1.5 graphics configuration of teTeX/TeXLive
)
Package graphics Info: Driver file: pdftex.def on input line 94.

("C:\Program Files (x86)\MiKTeX 2.9\tex\latex\pdftex-def\pdftex.def"
File: pdftex.def 2011/05/27 v0.06d Graphics/color for pdfTeX

("C:\Program Files (x86)\MiKTeX 2.9\tex\generic\oberdiek\infwarerr.sty"
Package: infwarerr 2010/04/08 v1.3 Providing info/warning/error messages (HO)
)
("C:\Program Files (x86)\MiKTeX 2.9\tex\generic\oberdiek\ltxcmds.sty"
Package: ltxcmds 2011/11/09 v1.22 LaTeX kernel commands for general use (HO)
)
\Gread@gobject=\count90
))
\Gin@req@height=\dimen104
\Gin@req@width=\dimen105
)
("C:\Program Files (x86)\MiKTeX 2.9\tex\latex\fancyhdr\fancyhdr.sty"
\fancy@headwidth=\skip43
\f@ncyO@elh=\skip44
\f@ncyO@erh=\skip45
\f@ncyO@olh=\skip46
\f@ncyO@orh=\skip47
\f@ncyO@elf=\skip48
\f@ncyO@erf=\skip49
\f@ncyO@olf=\skip50
\f@ncyO@orf=\skip51
)
("C:\Program Files (x86)\MiKTeX 2.9\tex\latex\amsfonts\amssymb.sty"
Package: amssymb 2013/01/14 v3.01 AMS font symbols

("C:\Program Files (x86)\MiKTeX 2.9\tex\latex\amsfonts\amsfonts.sty"
Package: amsfonts 2013/01/14 v3.01 Basic AMSFonts support
\@emptytoks=\toks20
\symAMSa=\mathgroup4
\symAMSb=\mathgroup5
LaTeX Font Info:    Overwriting math alphabet `\mathfrak' in version `bold'
(Font)                  U/euf/m/n --> U/euf/b/n on input line 106.
))
("C:\Program Files (x86)\MiKTeX 2.9\tex\latex\amsmath\amsmath.sty"
Package: amsmath 2013/01/14 v2.14 AMS math features
\@mathmargin=\skip52

For additional information on amsmath, use the `?' option.
("C:\Program Files (x86)\MiKTeX 2.9\tex\latex\amsmath\amstext.sty"
Package: amstext 2000/06/29 v2.01

("C:\Program Files (x86)\MiKTeX 2.9\tex\latex\amsmath\amsgen.sty"
File: amsgen.sty 1999/11/30 v2.0
\@emptytoks=\toks21
\ex@=\dimen106
))
("C:\Program Files (x86)\MiKTeX 2.9\tex\latex\amsmath\amsbsy.sty"
Package: amsbsy 1999/11/29 v1.2d
\pmbraise@=\dimen107
)
("C:\Program Files (x86)\MiKTeX 2.9\tex\latex\amsmath\amsopn.sty"
Package: amsopn 1999/12/14 v2.01 operator names
)
\inf@bad=\count91
LaTeX Info: Redefining \frac on input line 210.
\uproot@=\count92
\leftroot@=\count93
LaTeX Info: Redefining \overline on input line 306.
\classnum@=\count94
\DOTSCASE@=\count95
LaTeX Info: Redefining \ldots on input line 378.
LaTeX Info: Redefining \dots on input line 381.
LaTeX Info: Redefining \cdots on input line 466.
\Mathstrutbox@=\box26
\strutbox@=\box27
\big@size=\dimen108
LaTeX Font Info:    Redeclaring font encoding OML on input line 566.
LaTeX Font Info:    Redeclaring font encoding OMS on input line 567.
\macc@depth=\count96
\c@MaxMatrixCols=\count97
\dotsspace@=\muskip10
\c@parentequation=\count98
\dspbrk@lvl=\count99
\tag@help=\toks22
\row@=\count100
\column@=\count101
\maxfields@=\count102
\andhelp@=\toks23
\eqnshift@=\dimen109
\alignsep@=\dimen110
\tagshift@=\dimen111
\tagwidth@=\dimen112
\totwidth@=\dimen113
\lineht@=\dimen114
\@envbody=\toks24
\multlinegap=\skip53
\multlinetaggap=\skip54
\mathdisplay@stack=\toks25
LaTeX Info: Redefining \[ on input line 2665.
LaTeX Info: Redefining \] on input line 2666.
)
("C:\Program Files (x86)\MiKTeX 2.9\tex\latex\hyperref\hyperref.sty"
Package: hyperref 2012/11/06 v6.83m Hypertext links for LaTeX

("C:\Program Files (x86)\MiKTeX 2.9\tex\generic\oberdiek\hobsub-hyperref.sty"
Package: hobsub-hyperref 2012/04/25 v1.12 Bundle oberdiek, subset hyperref (HO)


("C:\Program Files (x86)\MiKTeX 2.9\tex\generic\oberdiek\hobsub-generic.sty"
Package: hobsub-generic 2012/04/25 v1.12 Bundle oberdiek, subset generic (HO)
Package: hobsub 2012/04/25 v1.12 Construct package bundles (HO)
Package hobsub Info: Skipping package `infwarerr' (already loaded).
Package hobsub Info: Skipping package `ltxcmds' (already loaded).
Package: ifluatex 2010/03/01 v1.3 Provides the ifluatex switch (HO)
Package ifluatex Info: LuaTeX not detected.
Package: ifvtex 2010/03/01 v1.5 Detect VTeX and its facilities (HO)
Package ifvtex Info: VTeX not detected.
Package: intcalc 2007/09/27 v1.1 Expandable calculations with integers (HO)
Package: ifpdf 2011/01/30 v2.3 Provides the ifpdf switch (HO)
Package ifpdf Info: pdfTeX in PDF mode is detected.
Package: etexcmds 2011/02/16 v1.5 Avoid name clashes with e-TeX commands (HO)
Package etexcmds Info: Could not find \expanded.
(etexcmds)             That can mean that you are not using pdfTeX 1.50 or
(etexcmds)             that some package has redefined \expanded.
(etexcmds)             In the latter case, load this package earlier.
Package: kvsetkeys 2012/04/25 v1.16 Key value parser (HO)
Package: kvdefinekeys 2011/04/07 v1.3 Define keys (HO)
Package: pdftexcmds 2011/11/29 v0.20 Utility functions of pdfTeX for LuaTeX (HO
)
Package pdftexcmds Info: LuaTeX not detected.
Package pdftexcmds Info: \pdf@primitive is available.
Package pdftexcmds Info: \pdf@ifprimitive is available.
Package pdftexcmds Info: \pdfdraftmode found.
Package: pdfescape 2011/11/25 v1.13 Implements pdfTeX's escape features (HO)
Package: bigintcalc 2012/04/08 v1.3 Expandable calculations on big integers (HO
)
Package: bitset 2011/01/30 v1.1 Handle bit-vector datatype (HO)
Package: uniquecounter 2011/01/30 v1.2 Provide unlimited unique counter (HO)
)
Package hobsub Info: Skipping package `hobsub' (already loaded).
Package: letltxmacro 2010/09/02 v1.4 Let assignment for LaTeX macros (HO)
Package: hopatch 2011/06/24 v1.1 Wrapper for package hooks (HO)
Package: xcolor-patch 2011/01/30 xcolor patch
Package: atveryend 2011/06/30 v1.8 Hooks at the very end of document (HO)
Package atveryend Info: \enddocument detected (standard20110627).
Package: atbegshi 2011/10/05 v1.16 At begin shipout hook (HO)
Package: refcount 2011/10/16 v3.4 Data extraction from label references (HO)
Package: hycolor 2011/01/30 v1.7 Color options for hyperref/bookmark (HO)
)
("C:\Program Files (x86)\MiKTeX 2.9\tex\generic\ifxetex\ifxetex.sty"
Package: ifxetex 2010/09/12 v0.6 Provides ifxetex conditional
)
("C:\Program Files (x86)\MiKTeX 2.9\tex\latex\oberdiek\auxhook.sty"
Package: auxhook 2011/03/04 v1.3 Hooks for auxiliary files (HO)
)
("C:\Program Files (x86)\MiKTeX 2.9\tex\latex\oberdiek\kvoptions.sty"
Package: kvoptions 2011/06/30 v3.11 Key value format for package options (HO)
)
\@linkdim=\dimen115
\Hy@linkcounter=\count103
\Hy@pagecounter=\count104

("C:\Program Files (x86)\MiKTeX 2.9\tex\latex\hyperref\pd1enc.def"
File: pd1enc.def 2012/11/06 v6.83m Hyperref: PDFDocEncoding definition (HO)
)
\Hy@SavedSpaceFactor=\count105

("C:\Program Files (x86)\MiKTeX 2.9\tex\latex\00miktex\hyperref.cfg"
File: hyperref.cfg 2002/06/06 v1.2 hyperref configuration of TeXLive
)
Package hyperref Info: Option `colorlinks' set `true' on input line 4319.
Package hyperref Info: Hyper figures OFF on input line 4443.
Package hyperref Info: Link nesting OFF on input line 4448.
Package hyperref Info: Hyper index ON on input line 4451.
Package hyperref Info: Plain pages OFF on input line 4458.
Package hyperref Info: Backreferencing OFF on input line 4463.
Package hyperref Info: Implicit mode ON; LaTeX internals redefined.
Package hyperref Info: Bookmarks ON on input line 4688.
\c@Hy@tempcnt=\count106

("C:\Program Files (x86)\MiKTeX 2.9\tex\latex\url\url.sty"
\Urlmuskip=\muskip11
Package: url 2013/09/16  ver 3.4  Verb mode for urls, etc.
)
LaTeX Info: Redefining \url on input line 5041.
\XeTeXLinkMargin=\dimen116
\Fld@menulength=\count107
\Field@Width=\dimen117
\Fld@charsize=\dimen118
Package hyperref Info: Hyper figures OFF on input line 6295.
Package hyperref Info: Link nesting OFF on input line 6300.
Package hyperref Info: Hyper index ON on input line 6303.
Package hyperref Info: backreferencing OFF on input line 6310.
Package hyperref Info: Link coloring OFF on input line 6315.
Package hyperref Info: Link coloring with OCG OFF on input line 6320.
Package hyperref Info: PDF/A mode OFF on input line 6325.
LaTeX Info: Redefining \ref on input line 6365.
LaTeX Info: Redefining \pageref on input line 6369.
\Hy@abspage=\count108
\c@Item=\count109
\c@Hfootnote=\count110
)

Package hyperref Message: Driver: hpdftex.

("C:\Program Files (x86)\MiKTeX 2.9\tex\latex\hyperref\hpdftex.def"
File: hpdftex.def 2012/11/06 v6.83m Hyperref driver for pdfTeX
\Fld@listcount=\count111
\c@bookmark@seq@number=\count112

("C:\Program Files (x86)\MiKTeX 2.9\tex\latex\oberdiek\rerunfilecheck.sty"
Package: rerunfilecheck 2011/04/15 v1.7 Rerun checks for auxiliary files (HO)
Package uniquecounter Info: New unique counter `rerunfilecheck' on input line 2
82.
)
\Hy@SectionHShift=\skip55
)
("C:\Program Files (x86)\MiKTeX 2.9\tex\latex\cite\cite.sty"
LaTeX Info: Redefining \cite on input line 302.
LaTeX Info: Redefining \nocite on input line 332.
Package: cite 2015/02/27  v 5.5
)
("C:\Program Files (x86)\MiKTeX 2.9\tex\latex\float\float.sty"
Package: float 2001/11/08 v1.3d Float enhancements (AL)
\c@float@type=\count113
\float@exts=\toks26
\float@box=\box28
\@float@everytoks=\toks27
\@floatcapt=\box29
)
("C:\Program Files (x86)\MiKTeX 2.9\tex\latex\ucs\uni-1.def"
File: uni-1.def 2013/05/13 UCS: Unicode data U+0100..U+01FF
)

Package hyperref Warning: Composite letter `\textasciicaron+c'
(hyperref)                not defined in PD1 encoding,
(hyperref)                removing `\textasciicaron' on input line 55.


Package hyperref Warning: Composite letter `\textasciicaron+c'
(hyperref)                not defined in PD1 encoding,
(hyperref)                removing `\textasciicaron' on input line 57.


Package hyperref Warning: Composite letter `\textasciicaron+c'
(hyperref)                not defined in PD1 encoding,
(hyperref)                removing `\textasciicaron' on input line 57.

\c@izrek=\count114
\c@trditev=\count115
\countA=\count116
("C:\Program Files (x86)\MiKTeX 2.9\tex\latex\xmpincl\xmpincl.sty"
Package: xmpincl 2008/05/10 v2.2 Include XMP data in pdflatex

("C:\Program Files (x86)\MiKTeX 2.9\tex\latex\base\ifthen.sty"
Package: ifthen 2014/09/29 v1.1c Standard LaTeX ifthen package (DPC)
))
\xmpinclWrite=\write3
\xmpinclRead=\read1
<<pdfa-1b.xmpi>> (vzorec_diplomskega_dela_050215.aux

LaTeX Warning: Label `coordeq' multiply defined.


LaTeX Warning: Label `internaleq' multiply defined.

)
LaTeX Font Info:    Checking defaults for OML/cmm/m/it on input line 167.
LaTeX Font Info:    ... okay on input line 167.
LaTeX Font Info:    Checking defaults for T1/cmr/m/n on input line 167.
LaTeX Font Info:    ... okay on input line 167.
LaTeX Font Info:    Checking defaults for OT1/cmr/m/n on input line 167.
LaTeX Font Info:    ... okay on input line 167.
LaTeX Font Info:    Checking defaults for OMS/cmsy/m/n on input line 167.
LaTeX Font Info:    ... okay on input line 167.
LaTeX Font Info:    Checking defaults for OMX/cmex/m/n on input line 167.
LaTeX Font Info:    ... okay on input line 167.
LaTeX Font Info:    Checking defaults for U/cmr/m/n on input line 167.
LaTeX Font Info:    ... okay on input line 167.
LaTeX Font Info:    Checking defaults for PD1/pdf/m/n on input line 167.
LaTeX Font Info:    ... okay on input line 167.
 ("C:\Program Files (x86)\MiKTeX 2.9\tex\latex\ucs\ucsencs.def"
File: ucsencs.def 2011/01/21 Fixes to fontencodings LGR, T3
)
("C:\Program Files (x86)\MiKTeX 2.9\tex\context\base\supp-pdf.mkii"
[Loading MPS to PDF converter (version 2006.09.02).]
\scratchcounter=\count117
\scratchdimen=\dimen119
\scratchbox=\box30
\nofMPsegments=\count118
\nofMParguments=\count119
\everyMPshowfont=\toks28
\MPscratchCnt=\count120
\MPscratchDim=\dimen120
\MPnumerator=\count121
\makeMPintoPDFobject=\count122
\everyMPtoPDFconversion=\toks29
)
\AtBeginShipoutBox=\box31
Package hyperref Info: Link coloring OFF on input line 167.
 ("C:\Program Files (x86)\MiKTeX 2.9\tex\latex\hyperref\nameref.sty"
Package: nameref 2012/10/27 v2.43 Cross-referencing by name of section

("C:\Program Files (x86)\MiKTeX 2.9\tex\generic\oberdiek\gettitlestring.sty"
Package: gettitlestring 2010/12/03 v1.4 Cleanup title references (HO)
)
\c@section@level=\count123
)
LaTeX Info: Redefining \ref on input line 167.
LaTeX Info: Redefining \pageref on input line 167.
LaTeX Info: Redefining \nameref on input line 167.

(vzorec_diplomskega_dela_050215.out) (vzorec_diplomskega_dela_050215.out)
\@outlinefile=\write4
Package babel Info: Redefining slovene shorthand "|
(babel)             in language  on input line 189.
Package babel Info: Redefining slovene shorthand "|
(babel)             in language  on input line 189.

[1


{C:/Users/Ernest/AppData/Local/MiKTeX/2.9/pdftex/config/pdftex.map}]
Package babel Info: Redefining slovene shorthand "|
(babel)             in language  on input line 189.
Package babel Info: Redefining slovene shorthand "|
(babel)             in language  on input line 189.
pdfTeX warning (ext4): destination with the same identifier (name{page.}) has b
een already used, duplicate ignored
<to be read again> 
                   \relax 
l.189 \clearemptydoublepage
                            [2

]
LaTeX Font Info:    Try loading font information for U+msa on input line 199.

("C:\Program Files (x86)\MiKTeX 2.9\tex\latex\amsfonts\umsa.fd"
File: umsa.fd 2013/01/14 v3.01 AMS symbols A
)
LaTeX Font Info:    Try loading font information for U+msb on input line 199.

("C:\Program Files (x86)\MiKTeX 2.9\tex\latex\amsfonts\umsb.fd"
File: umsb.fd 2013/01/14 v3.01 AMS symbols B
)
Package babel Info: Redefining slovene shorthand "|
(babel)             in language  on input line 202.
Package babel Info: Redefining slovene shorthand "|
(babel)             in language  on input line 202.
pdfTeX warning (ext4): destination with the same identifier (name{page.}) has b
een already used, duplicate ignored
<to be read again> 
                   \relax 
l.202 \clearemptydoublepage
                            [3]
Package babel Info: Redefining slovene shorthand "|
(babel)             in language  on input line 202.
Package babel Info: Redefining slovene shorthand "|
(babel)             in language  on input line 202.
pdfTeX warning (ext4): destination with the same identifier (name{page.}) has b
een already used, duplicate ignored
<to be read again> 
                   \relax 
l.202 \clearemptydoublepage
                            [4

]
Package babel Info: Redefining slovene shorthand "|
(babel)             in language  on input line 231.
Package babel Info: Redefining slovene shorthand "|
(babel)             in language  on input line 231.
pdfTeX warning (ext4): destination with the same identifier (name{page.}) has b
een already used, duplicate ignored
<to be read again> 
                   \relax 
l.231 \clearemptydoublepage
                            [5]
Package babel Info: Redefining slovene shorthand "|
(babel)             in language  on input line 231.
Package babel Info: Redefining slovene shorthand "|
(babel)             in language  on input line 231.
pdfTeX warning (ext4): destination with the same identifier (name{page.}) has b
een already used, duplicate ignored
<to be read again> 
                   \relax 
l.231 \clearemptydoublepage
                            [6

]
LaTeX Font Info:    Try loading font information for OMS+cmr on input line 249.


("C:\Program Files (x86)\MiKTeX 2.9\tex\latex\base\omscmr.fd"
File: omscmr.fd 2014/09/29 v2.5h Standard LaTeX font definitions
)
LaTeX Font Info:    Font shape `OMS/cmr/m/n' in size <12> not available
(Font)              Font shape `OMS/cmsy/m/n' tried instead on input line 249.
Package babel Info: Redefining slovene shorthand "|
(babel)             in language  on input line 260.
Package babel Info: Redefining slovene shorthand "|
(babel)             in language  on input line 260.
pdfTeX warning (ext4): destination with the same identifier (name{page.}) has b
een already used, duplicate ignored
<to be read again> 
                   \relax 
l.260 \clearemptydoublepage
                            [7]
Package babel Info: Redefining slovene shorthand "|
(babel)             in language  on input line 260.
Package babel Info: Redefining slovene shorthand "|
(babel)             in language  on input line 260.
pdfTeX warning (ext4): destination with the same identifier (name{page.}) has b
een already used, duplicate ignored
<to be read again> 
                   \relax 
l.260 \clearemptydoublepage
                            [8

]
Package babel Info: Redefining slovene shorthand "|
(babel)             in language  on input line 269.
Package babel Info: Redefining slovene shorthand "|
(babel)             in language  on input line 269.
pdfTeX warning (ext4): destination with the same identifier (name{page.}) has b
een already used, duplicate ignored
<to be read again> 
                   \relax 
l.269 \clearemptydoublepage
                            [9]
Package babel Info: Redefining slovene shorthand "|
(babel)             in language  on input line 269.
Package babel Info: Redefining slovene shorthand "|
(babel)             in language  on input line 269.
pdfTeX warning (ext4): destination with the same identifier (name{page.}) has b
een already used, duplicate ignored
<to be read again> 
                   \relax 
l.269 \clearemptydoublepage
                            [10

]
Package babel Info: Redefining slovene shorthand "|
(babel)             in language  on input line 278.
Package babel Info: Redefining slovene shorthand "|
(babel)             in language  on input line 278.
pdfTeX warning (ext4): destination with the same identifier (name{page.}) has b
een already used, duplicate ignored
<to be read again> 
                   \relax 
l.278 \clearemptydoublepage
                            [11]
Package babel Info: Redefining slovene shorthand "|
(babel)             in language  on input line 278.
Package babel Info: Redefining slovene shorthand "|
(babel)             in language  on input line 278.
pdfTeX warning (ext4): destination with the same identifier (name{page.}) has b
een already used, duplicate ignored
<to be read again> 
                   \relax 
l.278 \clearemptydoublepage
                            [12

] (vzorec_diplomskega_dela_050215.toc)
\tf@toc=\write5
Package babel Info: Redefining slovene shorthand "|
(babel)             in language  on input line 287.
Package babel Info: Redefining slovene shorthand "|
(babel)             in language  on input line 287.
pdfTeX warning (ext4): destination with the same identifier (name{page.}) has b
een already used, duplicate ignored
<to be read again> 
                   \relax 
l.287 \clearemptydoublepage
                            [13

]
Package babel Info: Redefining slovene shorthand "|
(babel)             in language  on input line 287.
Package babel Info: Redefining slovene shorthand "|
(babel)             in language  on input line 287.
pdfTeX warning (ext4): destination with the same identifier (name{page.}) has b
een already used, duplicate ignored
<to be read again> 
                   \relax 
l.287 \clearemptydoublepage
                            [14

]
Overfull \hbox (15.69525pt too wide) in paragraph at lines 294--314
[] 
 []

Package babel Info: Redefining slovene shorthand "|
(babel)             in language  on input line 318.
Package babel Info: Redefining slovene shorthand "|
(babel)             in language  on input line 318.
pdfTeX warning (ext4): destination with the same identifier (name{page.}) has b
een already used, duplicate ignored
<to be read again> 
                   \relax 
l.318 \clearemptydoublepage
                            [15

]
Package babel Info: Redefining slovene shorthand "|
(babel)             in language  on input line 318.
Package babel Info: Redefining slovene shorthand "|
(babel)             in language  on input line 318.
pdfTeX warning (ext4): destination with the same identifier (name{page.}) has b
een already used, duplicate ignored
<to be read again> 
                   \relax 
l.318 \clearemptydoublepage
                            [16

]
Package babel Info: Redefining slovene shorthand "|
(babel)             in language  on input line 322.
Package babel Info: Redefining slovene shorthand "|
(babel)             in language  on input line 329.
Package babel Info: Redefining slovene shorthand "|
(babel)             in language  on input line 329.
pdfTeX warning (ext4): destination with the same identifier (name{page.}) has b
een already used, duplicate ignored
<to be read again> 
                   \relax 
l.329 \clearemptydoublepage
                            [17

]
Package babel Info: Redefining slovene shorthand "|
(babel)             in language  on input line 329.
Package babel Info: Redefining slovene shorthand "|
(babel)             in language  on input line 329.
pdfTeX warning (ext4): destination with the same identifier (name{page.}) has b
een already used, duplicate ignored
<to be read again> 
                   \relax 
l.329 \clearemptydoublepage
                            [18

]
Package babel Info: Redefining slovene shorthand "|
(babel)             in language  on input line 342.
Package babel Info: Redefining slovene shorthand "|
(babel)             in language  on input line 342.
pdfTeX warning (ext4): destination with the same identifier (name{page.}) has b
een already used, duplicate ignored
<to be read again> 
                   \relax 
l.342 \clearemptydoublepage
                            [19

]
Package babel Info: Redefining slovene shorthand "|
(babel)             in language  on input line 342.
Package babel Info: Redefining slovene shorthand "|
(babel)             in language  on input line 342.
pdfTeX warning (ext4): destination with the same identifier (name{page.}) has b
een already used, duplicate ignored
<to be read again> 
                   \relax 
l.342 \clearemptydoublepage
                            [20

]
Poglavje 1.
Package babel Info: Redefining slovene shorthand "|
(babel)             in language  on input line 349.
Package babel Info: Redefining slovene shorthand "|
(babel)             in language  on input line 350.
("C:\Program Files (x86)\MiKTeX 2.9\tex\latex\ucs\uni-32.def"
File: uni-32.def 2013/05/13 UCS: Unicode data U+2000..U+20FF
)
Package babel Info: Redefining slovene shorthand "|
(babel)             in language  on input line 354.
Package babel Info: Redefining slovene shorthand "|
(babel)             in language  on input line 354.
 [1


]
Overfull \hbox (3.22925pt too wide) in paragraph at lines 355--356
\OT1/cmr/m/n/12 sklopu di-plom-ske na-loge raz-vil veckamerni sis-tem za dolo
canje lo-ka-cije objekta
 []

Package babel Info: Redefining slovene shorthand "|
(babel)             in language  on input line 357.

Package hyperref Warning: Composite letter `\textasciicaron+c'
(hyperref)                not defined in PD1 encoding,
(hyperref)                removing `\textasciicaron' on input line 357.


Overfull \hbox (0.32234pt too wide) in paragraph at lines 362--363
[]\OT1/cmr/m/n/12 Do se-daj opi-sana dela ne upo-ra-bljajo ka-mer za dolocanje
 polozaja objekta.
 []

Package babel Info: Redefining slovene shorthand "|
(babel)             in language  on input line 363.
Package babel Info: Redefining slovene shorthand "|
(babel)             in language  on input line 363.
[2]
Package babel Info: Redefining slovene shorthand "|
(babel)             in language  on input line 366.
Package babel Info: Redefining slovene shorthand "|
(babel)             in language  on input line 368.
Package babel Info: Redefining slovene shorthand "|
(babel)             in language  on input line 368.
 [3]
Package babel Info: Redefining slovene shorthand "|
(babel)             in language  on input line 369.
Package babel Info: Redefining slovene shorthand "|
(babel)             in language  on input line 372.
Package babel Info: Redefining slovene shorthand "|
(babel)             in language  on input line 372.
 [4]
Poglavje 2.
Package babel Info: Redefining slovene shorthand "|
(babel)             in language  on input line 372.
Package babel Info: Redefining slovene shorthand "|
(babel)             in language  on input line 373.
<slike/similar_triangles_1.png, id=199, 569.0058pt x 426.8748pt>
File: slike/similar_triangles_1.png Graphic file (type png)

<use slike/similar_triangles_1.png>
Package pdftex.def Info: slike/similar_triangles_1.png used on input line 381.
(pdftex.def)             Requested size: 390.00105pt x 292.58333pt.

Underfull \vbox (badness 10000) has occurred while \output is active []

Package babel Info: Redefining slovene shorthand "|
(babel)             in language  on input line 385.
Package babel Info: Redefining slovene shorthand "|
(babel)             in language  on input line 385.
 [5

]

LaTeX Warning: Command \textquoteright invalid in math mode on input line 386.

("C:\Program Files (x86)\MiKTeX 2.9\tex\latex\ucs\uni-0.def"
File: uni-0.def 2013/05/13 UCS: Unicode data U+0000..U+00FF
)
<slike/similar_triangles_2.png, id=207, 569.0058pt x 426.8748pt>
File: slike/similar_triangles_2.png Graphic file (type png)

<use slike/similar_triangles_2.png>
Package pdftex.def Info: slike/similar_triangles_2.png used on input line 390.
(pdftex.def)             Requested size: 390.00105pt x 292.58333pt.

Underfull \vbox (badness 10000) has occurred while \output is active []

Package babel Info: Redefining slovene shorthand "|
(babel)             in language  on input line 394.
Package babel Info: Redefining slovene shorthand "|
(babel)             in language  on input line 394.
 [6pdfTeX warning (ext4): destination with the same identifier (name{figure.2.1
}) has been already used, duplicate ignored

\AtBegShi@Output ...ipout \box \AtBeginShipoutBox 
                                                  \fi \fi 
l.394 
       <./slike/similar_triangles_1.png>]
Package babel Info: Redefining slovene shorthand "|
(babel)             in language  on input line 427.
Package babel Info: Redefining slovene shorthand "|
(babel)             in language  on input line 427.
 [7pdfTeX warning (ext4): destination with the same identifier (name{figure.2.2
}) has been already used, duplicate ignored

\AtBegShi@Output ...ipout \box \AtBeginShipoutBox 
                                                  \fi \fi 
l.427 \end{align}
                  <./slike/similar_triangles_2.png>]
Package babel Info: Redefining slovene shorthand "|
(babel)             in language  on input line 477.
Package babel Info: Redefining slovene shorthand "|
(babel)             in language  on input line 477.
 [8]
<slike/distorsion.png, id=235, 569.0058pt x 284.5029pt>
File: slike/distorsion.png Graphic file (type png)

<use slike/distorsion.png>
Package pdftex.def Info: slike/distorsion.png used on input line 483.
(pdftex.def)             Requested size: 390.00105pt x 195.00052pt.

<slike/tangential.png, id=236, 569.0058pt x 284.5029pt>
File: slike/tangential.png Graphic file (type png)

<use slike/tangential.png>
Package pdftex.def Info: slike/tangential.png used on input line 498.
(pdftex.def)             Requested size: 390.00105pt x 195.00052pt.
Package babel Info: Redefining slovene shorthand "|
(babel)             in language  on input line 501.
Package babel Info: Redefining slovene shorthand "|
(babel)             in language  on input line 501.
 [9pdfTeX warning (ext4): destination with the same identifier (name{figure.2.3
}) has been already used, duplicate ignored

\AtBegShi@Output ...ipout \box \AtBeginShipoutBox 
                                                  \fi \fi 
l.501 
       <./slike/distorsion.png>]
Underfull \vbox (badness 1147) has occurred while \output is active []

Package babel Info: Redefining slovene shorthand "|
(babel)             in language  on input line 523.
Package babel Info: Redefining slovene shorthand "|
(babel)             in language  on input line 523.
 [10pdfTeX warning (ext4): destination with the same identifier (name{figure.2.
4}) has been already used, duplicate ignored

\AtBegShi@Output ...ipout \box \AtBeginShipoutBox 
                                                  \fi \fi 
l.523 
       <./slike/tangential.png>]
Underfull \vbox (badness 10000) has occurred while \output is active []

Package babel Info: Redefining slovene shorthand "|
(babel)             in language  on input line 598.
Package babel Info: Redefining slovene shorthand "|
(babel)             in language  on input line 598.
 [11]
Package babel Info: Redefining slovene shorthand "|
(babel)             in language  on input line 600.
Package babel Info: Redefining slovene shorthand "|
(babel)             in language  on input line 602.
Package babel Info: Redefining slovene shorthand "|
(babel)             in language  on input line 602.

[12]
Poglavje 3.
Package babel Info: Redefining slovene shorthand "|
(babel)             in language  on input line 602.
Package babel Info: Redefining slovene shorthand "|
(babel)             in language  on input line 628.
Package babel Info: Redefining slovene shorthand "|
(babel)             in language  on input line 628.
[13

]
Package babel Info: Redefining slovene shorthand "|
(babel)             in language  on input line 628.
Package babel Info: Redefining slovene shorthand "|
(babel)             in language  on input line 628.
 [14]
Poglavje 4.
Package babel Info: Redefining slovene shorthand "|
(babel)             in language  on input line 628.
Package babel Info: Redefining slovene shorthand "|
(babel)             in language  on input line 632.
<pic1.pdf, id=293, 455.24379pt x 341.4326pt>
File: pic1.pdf Graphic file (type pdf)
 <use pic1.pdf>
Package pdftex.def Info: pic1.pdf used on input line 637.
(pdftex.def)             Requested size: 284.52756pt x 213.40526pt.

<pic2.png, id=296, 405.515pt x 347.2975pt>
File: pic2.png Graphic file (type png)
 <use pic2.png>
Package pdftex.def Info: pic2.png used on input line 662.
(pdftex.def)             Requested size: 284.52756pt x 243.6842pt.
Package babel Info: Redefining slovene shorthand "|
(babel)             in language  on input line 667.
Package babel Info: Redefining slovene shorthand "|
(babel)             in language  on input line 667.
 [15

]
Package babel Info: Redefining slovene shorthand "|
(babel)             in language  on input line 667.
Package babel Info: Redefining slovene shorthand "|
(babel)             in language  on input line 667.
 [16pdfTeX warning (ext4): destination with the same identifier (name{figure.4.
1}) has been already used, duplicate ignored

\AtBegShi@Output ...ipout \box \AtBeginShipoutBox 
                                                  \fi \fi 
l.667 
      pdfTeX warning (ext4): destination with the same identifier (name{table.4
.1}) has been already used, duplicate ignored

\AtBegShi@Output ...ipout \box \AtBeginShipoutBox 
                                                  \fi \fi 
l.667 
       <./pic1.pdf>]
Package babel Info: Redefining slovene shorthand "|
(babel)             in language  on input line 671.
Package babel Info: Redefining slovene shorthand "|
(babel)             in language  on input line 671.
 [17pdfTeX warning (ext4): destination with the same identifier (name{figure.4.
2}) has been already used, duplicate ignored

\AtBegShi@Output ...ipout \box \AtBeginShipoutBox 
                                                  \fi \fi 
l.671 \chapter
              {PDF/A} <./pic2.png>]
Package babel Info: Redefining slovene shorthand "|
(babel)             in language  on input line 671.
Package babel Info: Redefining slovene shorthand "|
(babel)             in language  on input line 671.
 [18

]
Poglavje 5.
Package babel Info: Redefining slovene shorthand "|
(babel)             in language  on input line 671.
Package babel Info: Redefining slovene shorthand "|
(babel)             in language  on input line 678.
Package babel Info: Redefining slovene shorthand "|
(babel)             in language  on input line 678.
[19]
Package babel Info: Redefining slovene shorthand "|
(babel)             in language  on input line 678.
Package babel Info: Redefining slovene shorthand "|
(babel)             in language  on input line 678.
 [20

]
Poglavje 6.
Package babel Info: Redefining slovene shorthand "|
(babel)             in language  on input line 678.
(vzorec_diplomskega_dela_050215.bbl
Package babel Info: Redefining slovene shorthand "|
(babel)             in language  on input line 1.
Package babel Info: Redefining slovene shorthand "|
(babel)             in language  on input line 1.
 [21]
Package babel Info: Redefining slovene shorthand "|
(babel)             in language  on input line 1.
Package babel Info: Redefining slovene shorthand "|
(babel)             in language  on input line 1.
 [22

]
Package babel Info: Redefining slovene shorthand "|
(babel)             in language  on input line 48.
Package babel Info: Redefining slovene shorthand "|
(babel)             in language  on input line 48.
 [23]
Underfull \hbox (badness 10000) in paragraph at lines 50--56
[]$\OT1/cmtt/m/n/12 https : / / en . wikipedia . org / w / index . php ? title 
= Charge-[]coupled _$
 []


Underfull \hbox (badness 4569) in paragraph at lines 58--64
\OT1/cmr/m/n/12 pe-dia.  []$\OT1/cmtt/m/n/12 https : / / en . wikipedia . org /
 w / index . php ? title = Global _$
 []


Underfull \hbox (badness 1502) in paragraph at lines 66--72
[]\OT1/cmr/m/n/12 Wikipedia.  Mul-ti-la-te-ra-tion --- wi-ki-pe-dia, the free e
n-cyclo-pe-dia.
 []


Underfull \hbox (badness 10000) in paragraph at lines 66--72
[]$\OT1/cmtt/m/n/12 https : / / en . wikipedia . org / w / index . php ? title 
= Multilateration &$
 []


Underfull \hbox (badness 2680) in paragraph at lines 74--80
[]\OT1/cmr/m/n/12 Wikipedia.  Tri-an-gu-la-tion --- wi-ki-pe-dia, the free en-c
yclo-pe-dia.
 []


Underfull \hbox (badness 10000) in paragraph at lines 74--80
[]$\OT1/cmtt/m/n/12 https : / / en . wikipedia . org / w / index . php ? title 
= Triangulation &$
 []


Underfull \hbox (badness 3525) in paragraph at lines 82--88
[]\OT1/cmr/m/n/12 Wikipedia.  Tri-la-te-ra-tion --- wi-ki-pe-dia, the free en-c
yclo-pe-dia.
 []


Underfull \hbox (badness 10000) in paragraph at lines 82--88
[]$\OT1/cmtt/m/n/12 https : / / en . wikipedia . org / w / index . php ? title 
= Trilateration &$
 []

)
Package atveryend Info: Empty hook `BeforeClearDocument' on input line 683.
Package babel Info: Redefining slovene shorthand "|
(babel)             in language  on input line 683.
Package babel Info: Redefining slovene shorthand "|
(babel)             in language  on input line 683.
 [24]
Package atveryend Info: Empty hook `AfterLastShipout' on input line 683.
 (vzorec_diplomskega_dela_050215.aux)
Package atveryend Info: Executing hook `AtVeryEndDocument' on input line 683.
Package atveryend Info: Executing hook `AtEndAfterFileList' on input line 683.
Package rerunfilecheck Info: File `vzorec_diplomskega_dela_050215.out' has not 
changed.
(rerunfilecheck)             Checksum: BEEF95517F7CFC8CC39AEAE03443427A;831.


LaTeX Warning: There were multiply-defined labels.

Package atveryend Info: Empty hook `AtVeryVeryEnd' on input line 683.
 ) 
Here is how much of TeX's memory you used:
 8441 strings out of 493673
 115774 string characters out of 3141528
 214379 words of memory out of 3000000
 11574 multiletter control sequences out of 15000+200000
 13138 words of font info for 48 fonts, out of 3000000 for 9000
 1025 hyphenation exceptions out of 8191
 29i,14n,43p,1414b,511s stack positions out of 5000i,500n,10000p,200000b,50000s
<C:/Program Files (x86)/MiKTeX 2.9/fonts/type1/public/amsfonts/cm/cmbx12.pfb>
<C:/Program Files (x86)/MiKTeX 2.9/fonts/type1/public/amsfonts/cm/cmcsc10.pfb><
C:/Program Files (x86)/MiKTeX 2.9/fonts/type1/public/amsfonts/cm/cmex10.pfb><C:
/Program Files (x86)/MiKTeX 2.9/fonts/type1/public/amsfonts/cm/cmmi12.pfb><C:/P
rogram Files (x86)/MiKTeX 2.9/fonts/type1/public/amsfonts/cm/cmmi8.pfb><C:/Prog
ram Files (x86)/MiKTeX 2.9/fonts/type1/public/amsfonts/cm/cmr12.pfb><C:/Program
 Files (x86)/MiKTeX 2.9/fonts/type1/public/amsfonts/cm/cmr17.pfb><C:/Program Fi
les (x86)/MiKTeX 2.9/fonts/type1/public/amsfonts/cm/cmr8.pfb><C:/Program Files 
(x86)/MiKTeX 2.9/fonts/type1/public/amsfonts/cm/cmsl12.pfb><C:/Program Files (x
86)/MiKTeX 2.9/fonts/type1/public/amsfonts/cm/cmsy10.pfb><C:/Program Files (x86
)/MiKTeX 2.9/fonts/type1/public/amsfonts/cm/cmsy8.pfb><C:/Program Files (x86)/M
iKTeX 2.9/fonts/type1/public/amsfonts/cm/cmti12.pfb><C:/Program Files (x86)/MiK
TeX 2.9/fonts/type1/public/amsfonts/cm/cmti8.pfb><C:/Program Files (x86)/MiKTeX
 2.9/fonts/type1/public/amsfonts/cm/cmtt12.pfb><C:/Program Files (x86)/MiKTeX 2
.9/fonts/type1/public/amsfonts/symbols/msam10.pfb>
Output written on vzorec_diplomskega_dela_050215.pdf (44 pages, 868774 bytes).
PDF statistics:
 504 PDF objects out of 1000 (max. 8388607)
 90 named destinations out of 1000 (max. 500000)
 155 words of extra memory for PDF output out of 10000 (max. 10000000)

