\BOOKMARK [0][-]{chapter*.2}{Povzetek}{}% 1
\BOOKMARK [0][-]{chapter*.3}{Abstract}{}% 2
\BOOKMARK [0][-]{chapter.1}{Uvod}{}% 3
\BOOKMARK [1][-]{section.1.1}{Motivacija}{chapter.1}% 4
\BOOKMARK [1][-]{section.1.2}{Pregled podrocja}{chapter.1}% 5
\BOOKMARK [1][-]{section.1.3}{Cilji}{chapter.1}% 6
\BOOKMARK [1][-]{section.1.4}{Struktura diplome}{chapter.1}% 7
\BOOKMARK [0][-]{chapter.2}{Teoreticna podlaga}{}% 8
\BOOKMARK [1][-]{section.2.1}{Parametri kamere}{chapter.2}% 9
\BOOKMARK [1][-]{section.2.2}{Ocenjevanje parametrov}{chapter.2}% 10
\BOOKMARK [1][-]{section.2.3}{Triangulacija}{chapter.2}% 11
\BOOKMARK [1][-]{section.2.4}{Zaznavanje oznacevalnika}{chapter.2}% 12
\BOOKMARK [0][-]{chapter.3}{Implementacija}{}% 13
\BOOKMARK [1][-]{section.3.1}{Strojna oprema}{chapter.3}% 14
\BOOKMARK [1][-]{section.3.2}{Programska oprema}{chapter.3}% 15
\BOOKMARK [1][-]{section.3.3}{Kalibracija kamer}{chapter.3}% 16
\BOOKMARK [1][-]{section.3.4}{Zaznavanje oznacevalnika}{chapter.3}% 17
\BOOKMARK [1][-]{section.3.5}{Postavitev sistema}{chapter.3}% 18
\BOOKMARK [0][-]{chapter.4}{Rezultati}{}% 19
\BOOKMARK [1][-]{section.4.1}{Reprojekcija kalibracijskih tock}{chapter.4}% 20
\BOOKMARK [1][-]{section.4.2}{Natancnost zaznavanja oznacevalnika}{chapter.4}% 21
\BOOKMARK [0][-]{chapter.5}{Zakljucek}{}% 22
